<?xml version="1.0" encoding="UTF-8"?>
<!-- Generated by org.testng.reporters.JUnitReportReporter -->
<testsuite hostname="LAPTOP-UE0FKLM6" failures="0" tests="1" name="com.TestRunner.qa.TestRunnerClass" time="3.434" errors="0" timestamp="2023-01-31T00:56:16 EST" skipped="0">
  <testcase classname="com.TestRunner.qa.TestRunnerClass" name="feature" time="3.434"/>
  <system-out/>
</testsuite> <!-- com.TestRunner.qa.TestRunnerClass -->
